<?xml version="1.0" encoding="UTF-8"?>
<testsuite xmlns:xsi="http://www.w3.org/2001/XMLSchema-instance" xsi:noNamespaceSchemaLocation="https://maven.apache.org/surefire/maven-surefire-plugin/xsd/surefire-test-report-3.0.xsd" version="3.0" name="CalculoTest" time="0.027" tests="5" errors="0" skipped="0" failures="0">
  <properties>
    <property name="java.specification.version" value="22"/>
    <property name="sun.cpu.isalist" value="amd64"/>
    <property name="sun.jnu.encoding" value="Cp1252"/>
    <property name="java.class.path" value="C:\Users\ivoma\.m2\repository\org\apache\maven\surefire\surefire-booter\3.0.0\surefire-booter-3.0.0.jar;C:\Users\ivoma\.m2\repository\org\apache\maven\surefire\surefire-api\3.0.0\surefire-api-3.0.0.jar;C:\Users\ivoma\.m2\repository\org\apache\maven\surefire\surefire-extensions-spi\3.0.0\surefire-extensions-spi-3.0.0.jar;C:\Users\ivoma\.m2\repository\org\apache\maven\surefire\surefire-logger-api\3.0.0\surefire-logger-api-3.0.0.jar;C:\Users\ivoma\.m2\repository\org\apache\maven\surefire\surefire-shared-utils\3.0.0\surefire-shared-utils-3.0.0.jar;C:\Users\ivoma\Desktop\isfpp\target\test-classes;C:\Users\ivoma\Desktop\isfpp\target\classes;C:\Users\ivoma\.m2\repository\org\jheaps\jheaps\0.14\jheaps-0.14.jar;C:\Users\ivoma\.m2\repository\org\apfloat\apfloat\1.10.1\apfloat-1.10.1.jar;C:\Users\ivoma\.m2\repository\com\googlecode\junit-toolbox\junit-toolbox\2.4\junit-toolbox-2.4.jar;C:\Users\ivoma\.m2\repository\commons-io\commons-io\2.4\commons-io-2.4.jar;C:\Users\ivoma\.m2\repository\junit\junit\4.13.2\junit-4.13.2.jar;C:\Users\ivoma\.m2\repository\org\hamcrest\hamcrest-library\1.3\hamcrest-library-1.3.jar;C:\Users\ivoma\.m2\repository\org\hamcrest\hamcrest-core\1.3\hamcrest-core-1.3.jar;C:\Users\ivoma\.m2\repository\org\mockito\mockito-core\1.9.5\mockito-core-1.9.5.jar;C:\Users\ivoma\.m2\repository\org\objenesis\objenesis\1.0\objenesis-1.0.jar;C:\Users\ivoma\.m2\repository\org\openjdk\jmh\jmh-core\1.36\jmh-core-1.36.jar;C:\Users\ivoma\.m2\repository\net\sf\jopt-simple\jopt-simple\5.0.4\jopt-simple-5.0.4.jar;C:\Users\ivoma\.m2\repository\org\apache\commons\commons-math3\3.2\commons-math3-3.2.jar;C:\Users\ivoma\.m2\repository\org\openjdk\jmh\jmh-generator-annprocess\1.36\jmh-generator-annprocess-1.36.jar;C:\Users\ivoma\.m2\repository\org\jgrapht\jgrapht-core\1.5.3-SNAPSHOT\jgrapht-core-1.5.3-SNAPSHOT.jar;C:\Users\ivoma\.m2\repository\com\github\vlsi\mxgraph\jgraphx\4.2.2\jgraphx-4.2.2.jar;C:\Users\ivoma\.m2\repository\org\netbeans\external\AbsoluteLayout\RELEASE90\AbsoluteLayout-RELEASE90.jar;C:\Users\ivoma\.m2\repository\TimingFramework-0\55\jar\TimingFramework-0.55.jar\0.55\TimingFramework-0.55.jar-0.55.jar;C:\Users\ivoma\.m2\repository\miglayout-4\0\jar\miglayout\4.0\miglayout-4.0.jar;C:\Users\ivoma\.m2\repository\net\miginfocom\miglayout\4.0\miglayout-4.0.jar;C:\Users\ivoma\.m2\repository\org\metawidget\modules\metawidget-miglayout\4.2\metawidget-miglayout-4.2.jar;C:\Users\ivoma\.m2\repository\org\metawidget\modules\swing\metawidget-swing\4.2\metawidget-swing-4.2.jar;C:\Users\ivoma\.m2\repository\org\metawidget\modules\metawidget-core\4.2\metawidget-core-4.2.jar;C:\Users\ivoma\.m2\repository\org\metawidget\modules\swt\metawidget-swt\4.2\metawidget-swt-4.2.jar;C:\Users\ivoma\.m2\repository\com\formdev\flatlaf\3.5.2\flatlaf-3.5.2.jar;C:\Users\ivoma\.m2\repository\javax\mail\javax.mail\1.0\javax.mail-1.0.jar;C:\Users\ivoma\.m2\repository\javax\activation\activation\1.1\activation-1.1.jar;C:\Users\ivoma\.m2\repository\postgresq\postgresql\42.2.17\postgresql-42.2.17.jar;C:\Users\ivoma\.m2\repository\FlatLaf\FlatLaf\3.5.2\FlatLaf-3.5.2.jar;C:\Users\ivoma\.m2\repository\org\apache\maven\surefire\surefire-junit47\3.0.0\surefire-junit47-3.0.0.jar;C:\Users\ivoma\.m2\repository\org\apache\maven\surefire\common-java5\3.0.0\common-java5-3.0.0.jar;C:\Users\ivoma\.m2\repository\org\apache\maven\surefire\common-junit3\3.0.0\common-junit3-3.0.0.jar;C:\Users\ivoma\.m2\repository\org\apache\maven\surefire\common-junit4\3.0.0\common-junit4-3.0.0.jar;C:\Users\ivoma\.m2\repository\org\apache\maven\surefire\common-junit48\3.0.0\common-junit48-3.0.0.jar;C:\Users\ivoma\.m2\repository\org\apache\maven\surefire\surefire-grouper\3.0.0\surefire-grouper-3.0.0.jar"/>
    <property name="java.vm.vendor" value="Oracle Corporation"/>
    <property name="sun.arch.data.model" value="64"/>
    <property name="user.variant" value=""/>
    <property name="java.vendor.url" value="https://java.oracle.com/"/>
    <property name="user.timezone" value="America/Buenos_Aires"/>
    <property name="os.name" value="Windows 11"/>
    <property name="java.vm.specification.version" value="22"/>
    <property name="user.country" value="ES"/>
    <property name="sun.java.launcher" value="SUN_STANDARD"/>
    <property name="sun.boot.library.path" value="C:\Program Files\Java\jdk-22\bin"/>
    <property name="sun.java.command" value="org.apache.maven.surefire.booter.ForkedBooter C:\Users\ivoma\AppData\Local\Temp\surefire1175652125391978351 2024-11-07T01-11-37_046-jvmRun1 surefire-20241107011137929_1tmp surefire_0-20241107011137929_2tmp"/>
    <property name="jdk.debug" value="release"/>
    <property name="surefire.test.class.path" value="C:\Users\ivoma\Desktop\isfpp\target\test-classes;C:\Users\ivoma\Desktop\isfpp\target\classes;C:\Users\ivoma\.m2\repository\org\jheaps\jheaps\0.14\jheaps-0.14.jar;C:\Users\ivoma\.m2\repository\org\apfloat\apfloat\1.10.1\apfloat-1.10.1.jar;C:\Users\ivoma\.m2\repository\com\googlecode\junit-toolbox\junit-toolbox\2.4\junit-toolbox-2.4.jar;C:\Users\ivoma\.m2\repository\commons-io\commons-io\2.4\commons-io-2.4.jar;C:\Users\ivoma\.m2\repository\junit\junit\4.13.2\junit-4.13.2.jar;C:\Users\ivoma\.m2\repository\org\hamcrest\hamcrest-library\1.3\hamcrest-library-1.3.jar;C:\Users\ivoma\.m2\repository\org\hamcrest\hamcrest-core\1.3\hamcrest-core-1.3.jar;C:\Users\ivoma\.m2\repository\org\mockito\mockito-core\1.9.5\mockito-core-1.9.5.jar;C:\Users\ivoma\.m2\repository\org\objenesis\objenesis\1.0\objenesis-1.0.jar;C:\Users\ivoma\.m2\repository\org\openjdk\jmh\jmh-core\1.36\jmh-core-1.36.jar;C:\Users\ivoma\.m2\repository\net\sf\jopt-simple\jopt-simple\5.0.4\jopt-simple-5.0.4.jar;C:\Users\ivoma\.m2\repository\org\apache\commons\commons-math3\3.2\commons-math3-3.2.jar;C:\Users\ivoma\.m2\repository\org\openjdk\jmh\jmh-generator-annprocess\1.36\jmh-generator-annprocess-1.36.jar;C:\Users\ivoma\.m2\repository\org\jgrapht\jgrapht-core\1.5.3-SNAPSHOT\jgrapht-core-1.5.3-SNAPSHOT.jar;C:\Users\ivoma\.m2\repository\com\github\vlsi\mxgraph\jgraphx\4.2.2\jgraphx-4.2.2.jar;C:\Users\ivoma\.m2\repository\org\netbeans\external\AbsoluteLayout\RELEASE90\AbsoluteLayout-RELEASE90.jar;C:\Users\ivoma\.m2\repository\TimingFramework-0\55\jar\TimingFramework-0.55.jar\0.55\TimingFramework-0.55.jar-0.55.jar;C:\Users\ivoma\.m2\repository\miglayout-4\0\jar\miglayout\4.0\miglayout-4.0.jar;C:\Users\ivoma\.m2\repository\net\miginfocom\miglayout\4.0\miglayout-4.0.jar;C:\Users\ivoma\.m2\repository\org\metawidget\modules\metawidget-miglayout\4.2\metawidget-miglayout-4.2.jar;C:\Users\ivoma\.m2\repository\org\metawidget\modules\swing\metawidget-swing\4.2\metawidget-swing-4.2.jar;C:\Users\ivoma\.m2\repository\org\metawidget\modules\metawidget-core\4.2\metawidget-core-4.2.jar;C:\Users\ivoma\.m2\repository\org\metawidget\modules\swt\metawidget-swt\4.2\metawidget-swt-4.2.jar;C:\Users\ivoma\.m2\repository\com\formdev\flatlaf\3.5.2\flatlaf-3.5.2.jar;C:\Users\ivoma\.m2\repository\javax\mail\javax.mail\1.0\javax.mail-1.0.jar;C:\Users\ivoma\.m2\repository\javax\activation\activation\1.1\activation-1.1.jar;C:\Users\ivoma\.m2\repository\postgresq\postgresql\42.2.17\postgresql-42.2.17.jar;C:\Users\ivoma\.m2\repository\FlatLaf\FlatLaf\3.5.2\FlatLaf-3.5.2.jar;"/>
    <property name="sun.cpu.endian" value="little"/>
    <property name="user.home" value="C:\Users\ivoma"/>
    <property name="user.language" value="es"/>
    <property name="java.specification.vendor" value="Oracle Corporation"/>
    <property name="java.version.date" value="2024-04-16"/>
    <property name="java.home" value="C:\Program Files\Java\jdk-22"/>
    <property name="file.separator" value="\"/>
    <property name="basedir" value="C:\Users\ivoma\Desktop\isfpp"/>
    <property name="java.vm.compressedOopsMode" value="Zero based"/>
    <property name="line.separator" value="&#10;"/>
    <property name="java.vm.specification.vendor" value="Oracle Corporation"/>
    <property name="java.specification.name" value="Java Platform API Specification"/>
    <property name="user.script" value=""/>
    <property name="sun.management.compiler" value="HotSpot 64-Bit Tiered Compilers"/>
    <property name="java.runtime.version" value="22.0.1+8-16"/>
    <property name="user.name" value="ivoma"/>
    <property name="stdout.encoding" value="Cp1252"/>
    <property name="path.separator" value=";"/>
    <property name="os.version" value="10.0"/>
    <property name="java.runtime.name" value="Java(TM) SE Runtime Environment"/>
    <property name="file.encoding" value="UTF-8"/>
    <property name="java.vm.name" value="Java HotSpot(TM) 64-Bit Server VM"/>
    <property name="maven.ext.class.path" value="C:\Program Files\NetBeans-23\netbeans\java\maven-nblib\netbeans-eventspy.jar"/>
    <property name="localRepository" value="C:\Users\ivoma\.m2\repository"/>
    <property name="java.vendor.url.bug" value="https://bugreport.java.com/bugreport/"/>
    <property name="java.io.tmpdir" value="C:\Users\ivoma\AppData\Local\Temp\"/>
    <property name="java.version" value="22.0.1"/>
    <property name="user.dir" value="C:\Users\ivoma\Desktop\isfpp"/>
    <property name="os.arch" value="amd64"/>
    <property name="java.vm.specification.name" value="Java Virtual Machine Specification"/>
    <property name="sun.os.patch.level" value=""/>
    <property name="native.encoding" value="Cp1252"/>
    <property name="java.library.path" value="C:\Program Files\Java\jdk-22\bin;C:\WINDOWS\Sun\Java\bin;C:\WINDOWS\system32;C:\WINDOWS;C:\Program Files\Java\jre1.8.0_421\bin;C:\apache-maven-3.9.9-bin\apache-maven-3.9.9\bin;C:\Program Files\Common Files\Oracle\Java\javapath;C:\Program Files (x86)\Common Files\Oracle\Java\java8path;C:\Program Files (x86)\Common Files\Oracle\Java\javapath;C:\Program Files (x86)\NVIDIA Corporation\PhysX\Common;C:\ProgramData\Oracle\Java\javapath;C:\WINDOWS\system32;C:\WINDOWS;C:\WINDOWS\System32\Wbem;C:\WINDOWS\System32\WindowsPowerShell\v1.0\;C:\WINDOWS\System32\OpenSSH\;C:\Program Files\nodejs\;C:\Program Files\Git\cmd;C:\FPC\3.2.2\bin\i386-Win32;C:\Program Files\Java\jre1.8.0_351\bin;C:\Ruby32-x64\bin;D:\Ruby32-x64\bin;C:\Users\ivoma\AppData\Local\Microsoft\WindowsApps;C:\Users\ivoma\AppData\Local\Programs\Microsoft VS Code\bin;C:\Users\ivoma\AppData\Roaming\npm;C:\Program Files\Java\jre1.8.0_351\bin;."/>
    <property name="java.vm.info" value="mixed mode, sharing"/>
    <property name="stderr.encoding" value="Cp1252"/>
    <property name="java.vendor" value="Oracle Corporation"/>
    <property name="java.vm.version" value="22.0.1+8-16"/>
    <property name="sun.io.unicode.encoding" value="UnicodeLittle"/>
    <property name="java.class.version" value="66.0"/>
  </properties>
  <testcase name="testTraceRouteSinCamino" classname="CalculoTest" time="0.018">
    <system-out><![CDATA[[WARNING] Couldn't load group class 'org.jgrapht.OptionalTests' in Surefire|Failsafe plugin. The group class is ignored!
[WARNING] Couldn't load group class 'org.jgrapht.SlowTests' in Surefire|Failsafe plugin. The group class is ignored!
]]></system-out>
  </testcase>
  <testcase name="testCargarDatos" classname="CalculoTest" time="0"/>
  <testcase name="testTraceRouteNoExistente" classname="CalculoTest" time="0.002"/>
  <testcase name="testPingEquipoInactivo" classname="CalculoTest" time="0"/>
  <testcase name="testPingEquipoActivo" classname="CalculoTest" time="0"/>
</testsuite>